02:42:12 **** Incremental Build of configuration Debug for project mid_practice ****
make all 
Building file: ../practice.cpp
Invoking: Cygwin C++ Compiler
g++ -O0 -g3 -Wall -c -fmessage-length=0 -MMD -MP -MF"practice.d" -MT"practice.o" -o "practice.o" "../practice.cpp"
../practice.cpp: In constructor 'employee::employee()':
../practice.cpp:8:6: warning: 'employee::id' will be initialized after [-Wreorder]
  int id;
      ^
../practice.cpp:7:9: warning:   'std::string employee::first' [-Wreorder]
  string first, last;
         ^
../practice.cpp:29:1: warning:   when initialized here [-Wreorder]
 employee :: employee() : id(0), first(""), last("")
 ^
../practice.cpp: In constructor 'employee::employee(int, std::string, std::string)':
../practice.cpp:8:6: warning: 'employee::id' will be initialized after [-Wreorder]
  int id;
      ^
../practice.cpp:7:9: warning:   'std::string employee::first' [-Wreorder]
  string first, last;
         ^
../practice.cpp:34:1: warning:   when initialized here [-Wreorder]
 employee :: employee(int i, string f, string l) : id(i), first(f), last(l)
 ^
../practice.cpp: In copy constructor 'employee::employee(const employee&)':
../practice.cpp:47:48: error: no match for 'operator<<' (operand types are 'std::basic_ostream<char>' and 'const employee')
  cout << "\n>>> COPY constructor called <<<\n" << e <<endl;
                                                ^
In file included from /usr/lib/gcc/x86_64-pc-cygwin/5.4.0/include/c++/iostream:39:0,
                 from ../practice.cpp:1:
/usr/lib/gcc/x86_64-pc-cygwin/5.4.0/include/c++/ostream:108:7: note: candidate: std::basic_ostream<_CharT, _Traits>::__ostream_type& std::basic_ostream<_CharT, _Traits>::operator<<(std::basic_ostream<_CharT, _Traits>::__ostream_type& (*)(std::basic_ostream<_CharT, _Traits>::__ostream_type&)) [with _CharT = char; _Traits = std::char_traits<char>; std::basic_ostream<_CharT, _Traits>::__ostream_type = std::basic_ostream<char>]
       operator<<(__ostream_type& (*__pf)(__ostream_type&))
       ^
/usr/lib/gcc/x86_64-pc-cygwin/5.4.0/include/c++/ostream:108:7: note:   no known conversion for argument 1 from 'const employee' to 'std::basic_ostream<char>::__ostream_type& (*)(std::basic_ostream<char>::__ostream_type&) {aka std::basic_ostream<char>& (*)(std::basic_ostream<char>&)}'
/usr/lib/gcc/x86_64-pc-cygwin/5.4.0/include/c++/ostream:117:7: note: candidate: std::basic_ostream<_CharT, _Traits>::__ostream_type& std::basic_ostream<_CharT, _Traits>::operator<<(std::basic_ostream<_CharT, _Traits>::__ios_type& (*)(std::basic_ostream<_CharT, _Traits>::__ios_type&)) [with _CharT = char; _Traits = std::char_traits<char>; std::basic_ostream<_CharT, _Traits>::__ostream_type = std::basic_ostream<char>; std::basic_ostream<_CharT, _Traits>::__ios_type = std::basic_ios<char>]
       operator<<(__ios_type& (*__pf)(__ios_type&))
       ^
/usr/lib/gcc/x86_64-pc-cygwin/5.4.0/include/c++/ostream:117:7: note:   no known conversion for argument 1 from 'const employee' to 'std::basic_ostream<char>::__ios_type& (*)(std::basic_ostream<char>::__ios_type&) {aka std::basic_ios<char>& (*)(std::basic_ios<char>&)}'
/usr/lib/gcc/x86_64-pc-cygwin/5.4.0/include/c++/ostream:127:7: note: candidate: std::basic_ostream<_CharT, _Traits>::__ostream_type& std::basic_ostream<_CharT, _Traits>::operator<<(std::ios_base& (*)(std::ios_base&)) [with _CharT = char; _Traits = std::char_traits<char>; std::basic_ostream<_CharT, _Traits>::__ostream_type = std::basic_ostream<char>]
       operator<<(ios_base& (*__pf) (ios_base&))
       ^
/usr/lib/gcc/x86_64-pc-cygwin/5.4.0/include/c++/ostream:127:7: note:   no known conversion for argument 1 from 'const employee' to 'std::ios_base& (*)(std::ios_base&)'
/usr/lib/gcc/x86_64-pc-cygwin/5.4.0/include/c++/ostream:166:7: note: candidate: std::basic_ostream<_CharT, _Traits>::__ostream_type& std::basic_ostream<_CharT, _Traits>::operator<<(long int) [with _CharT = char; _Traits = std::char_traits<char>; std::basic_ostream<_CharT, _Traits>::__ostream_type = std::basic_ostream<char>]
       operator<<(long __n)
       ^
/usr/lib/gcc/x86_64-pc-cygwin/5.4.0/include/c++/ostream:166:7: note:   no known conversion for argument 1 from 'const employee' to 'long int'
/usr/lib/gcc/x86_64-pc-cygwin/5.4.0/include/c++/ostream:170:7: note: candidate: std::basic_ostream<_CharT, _Traits>::__ostream_type& std::basic_ostream<_CharT, _Traits>::operator<<(long unsigned int) [with _CharT = char; _Traits = std::char_traits<char>; std::basic_ostream<_CharT, _Traits>::__ostream_type = std::basic_ostream<char>]
       operator<<(unsigned long __n)
       ^
/usr/lib/gcc/x86_64-pc-cygwin/5.4.0/include/c++/ostream:170:7: note:   no known conversion for argument 1 from 'const employee' to 'long unsigned int'
/usr/lib/gcc/x86_64-pc-cygwin/5.4.0/include/c++/ostream:174:7: note: candidate: std::basic_ostream<_CharT, _Traits>::__ostream_type& std::basic_ostream<_CharT, _Traits>::operator<<(bool) [with _CharT = char; _Traits = std::char_traits<char>; std::basic_ostream<_CharT, _Traits>::__ostream_type = std::basic_ostream<char>]
       operator<<(bool __n)
       ^
/usr/lib/gcc/x86_64-pc-cygwin/5.4.0/include/c++/ostream:174:7: note:   no known conversion for argument 1 from 'const employee' to 'bool'
In file included from /usr/lib/gcc/x86_64-pc-cygwin/5.4.0/include/c++/ostream:638:0,
                 from /usr/lib/gcc/x86_64-pc-cygwin/5.4.0/include/c++/iostream:39,
                 from ../practice.cpp:1:
/usr/lib/gcc/x86_64-pc-cygwin/5.4.0/include/c++/bits/ostream.tcc:91:5: note: candidate: std::basic_ostream<_CharT, _Traits>& std::basic_ostream<_CharT, _Traits>::operator<<(short int) [with _CharT = char; _Traits = std::char_traits<char>]
     basic_ostream<_CharT, _Traits>::
     ^
/usr/lib/gcc/x86_64-pc-cygwin/5.4.0/include/c++/bits/ostream.tcc:91:5: note:   no known conversion for argument 1 from 'const employee' to 'short int'
In file included from /usr/lib/gcc/x86_64-pc-cygwin/5.4.0/include/c++/iostream:39:0,
                 from ../practice.cpp:1:
/usr/lib/gcc/x86_64-pc-cygwin/5.4.0/include/c++/ostream:181:7: note: candidate: std::basic_ostream<_CharT, _Traits>::__ostream_type& std::basic_ostream<_CharT, _Traits>::operator<<(short unsigned int) [with _CharT = char; _Traits = std::char_traits<char>; std::basic_ostream<_CharT, _Traits>::__ostream_type = std::basic_ostream<char>]
       operator<<(unsigned short __n)
       ^
/usr/lib/gcc/x86_64-pc-cygwin/5.4.0/include/c++/ostream:181:7: note:   no known conversion for argument 1 from 'const employee' to 'short unsigned int'
In file included from /usr/lib/gcc/x86_64-pc-cygwin/5.4.0/include/c++/ostream:638:0,
                 from /usr/lib/gcc/x86_64-pc-cygwin/5.4.0/include/c++/iostream:39,
                 from ../practice.cpp:1:
/usr/lib/gcc/x86_64-pc-cygwin/5.4.0/include/c++/bits/ostream.tcc:105:5: note: candidate: std::basic_ostream<_CharT, _Traits>& std::basic_ostream<_CharT, _Traits>::operator<<(int) [with _CharT = char; _Traits = std::char_traits<char>]
     basic_ostream<_CharT, _Traits>::
     ^
/usr/lib/gcc/x86_64-pc-cygwin/5.4.0/include/c++/bits/ostream.tcc:105:5: note:   no known conversion for argument 1 from 'const employee' to 'int'
In file included from /usr/lib/gcc/x86_64-pc-cygwin/5.4.0/include/c++/iostream:39:0,
                 from ../practice.cpp:1:
/usr/lib/gcc/x86_64-pc-cygwin/5.4.0/include/c++/ostream:192:7: note: candidate: std::basic_ostream<_CharT, _Traits>::__ostream_type& std::basic_ostream<_CharT, _Traits>::operator<<(unsigned int) [with _CharT = char; _Traits = std::char_traits<char>; std::basic_ostream<_CharT, _Traits>::__ostream_type = std::basic_ostream<char>]
       operator<<(unsigned int __n)
       ^
/usr/lib/gcc/x86_64-pc-cygwin/5.4.0/include/c++/ostream:192:7: note:   no known conversion for argument 1 from 'const employee' to 'unsigned int'
/usr/lib/gcc/x86_64-pc-cygwin/5.4.0/include/c++/ostream:201:7: note: candidate: std::basic_ostream<_CharT, _Traits>::__ostream_type& std::basic_ostream<_CharT, _Traits>::operator<<(long long int) [with _CharT = char; _Traits = std::char_traits<char>; std::basic_ostream<_CharT, _Traits>::__ostream_type = std::basic_ostream<char>]
       operator<<(long long __n)
       ^
/usr/lib/gcc/x86_64-pc-cygwin/5.4.0/include/c++/ostream:201:7: note:   no known conversion for argument 1 from 'const employee' to 'long long int'
/usr/lib/gcc/x86_64-pc-cygwin/5.4.0/include/c++/ostream:205:7: note: candidate: std::basic_ostream<_CharT, _Traits>::__ostream_type& std::basic_ostream<_CharT, _Traits>::operator<<(long long unsigned int) [with _CharT = char; _Traits = std::char_traits<char>; std::basic_ostream<_CharT, _Traits>::__ostream_type = std::basic_ostream<char>]
       operator<<(unsigned long long __n)
       ^
/usr/lib/gcc/x86_64-pc-cygwin/5.4.0/include/c++/ostream:205:7: note:   no known conversion for argument 1 from 'const employee' to 'long long unsigned int'
/usr/lib/gcc/x86_64-pc-cygwin/5.4.0/include/c++/ostream:220:7: note: candidate: std::basic_ostream<_CharT, _Traits>::__ostream_type& std::basic_ostream<_CharT, _Traits>::operator<<(double) [with _CharT = char; _Traits = std::char_traits<char>; std::basic_ostream<_CharT, _Traits>::__ostream_type = std::basic_ostream<char>]
       operator<<(double __f)
       ^
/usr/lib/gcc/x86_64-pc-cygwin/5.4.0/include/c++/ostream:220:7: note:   no known conversion for argument 1 from 'const employee' to 'double'
/usr/lib/gcc/x86_64-pc-cygwin/5.4.0/include/c++/ostream:224:7: note: candidate: std::basic_ostream<_CharT, _Traits>::__ostream_type& std::basic_ostream<_CharT, _Traits>::operator<<(float) [with _CharT = char; _Traits = std::char_traits<char>; std::basic_ostream<_CharT, _Traits>::__ostream_type = std::basic_ostream<char>]
       operator<<(float __f)
       ^
/usr/lib/gcc/x86_64-pc-cygwin/5.4.0/include/c++/ostream:224:7: note:   no known conversion for argument 1 from 'const employee' to 'float'
/usr/lib/gcc/x86_64-pc-cygwin/5.4.0/include/c++/ostream:232:7: note: candidate: std::basic_ostream<_CharT, _Traits>::__ostream_type& std::basic_ostream<_CharT, _Traits>::operator<<(long double) [with _CharT = char; _Traits = std::char_traits<char>; std::basic_ostream<_CharT, _Traits>::__ostream_type = std::basic_ostream<char>]
       operator<<(long double __f)
       ^
/usr/lib/gcc/x86_64-pc-cygwin/5.4.0/include/c++/ostream:232:7: note:   no known conversion for argument 1 from 'const employee' to 'long double'
/usr/lib/gcc/x86_64-pc-cygwin/5.4.0/include/c++/ostream:245:7: note: candidate: std::basic_ostream<_CharT, _Traits>::__ostream_type& std::basic_ostream<_CharT, _Traits>::operator<<(const void*) [with _CharT = char; _Traits = std::char_traits<char>; std::basic_ostream<_CharT, _Traits>::__ostream_type = std::basic_ostream<char>]
       operator<<(const void* __p)
       ^
/usr/lib/gcc/x86_64-pc-cygwin/5.4.0/include/c++/ostream:245:7: note:   no known conversion for argument 1 from 'const employee' to 'const void*'
In file included from /usr/lib/gcc/x86_64-pc-cygwin/5.4.0/include/c++/ostream:638:0,
                 from /usr/lib/gcc/x86_64-pc-cygwin/5.4.0/include/c++/iostream:39,
                 from ../practice.cpp:1:
/usr/lib/gcc/x86_64-pc-cygwin/5.4.0/include/c++/bits/ostream.tcc:119:5: note: candidate: std::basic_ostream<_CharT, _Traits>& std::basic_ostream<_CharT, _Traits>::operator<<(std::basic_ostream<_CharT, _Traits>::__streambuf_type*) [with _CharT = char; _Traits = std::char_traits<char>; std::basic_ostream<_CharT, _Traits>::__streambuf_type = std::basic_streambuf<char>]
     basic_ostream<_CharT, _Traits>::
     ^
/usr/lib/gcc/x86_64-pc-cygwin/5.4.0/include/c++/bits/ostream.tcc:119:5: note:   no known conversion for argument 1 from 'const employee' to 'std::basic_ostream<char>::__streambuf_type* {aka std::basic_streambuf<char>*}'
In file included from /usr/lib/gcc/x86_64-pc-cygwin/5.4.0/include/c++/string:52:0,
                 from /usr/lib/gcc/x86_64-pc-cygwin/5.4.0/include/c++/bits/locale_classes.h:40,
                 from /usr/lib/gcc/x86_64-pc-cygwin/5.4.0/include/c++/bits/ios_base.h:41,
                 from /usr/lib/gcc/x86_64-pc-cygwin/5.4.0/include/c++/ios:42,
                 from /usr/lib/gcc/x86_64-pc-cygwin/5.4.0/include/c++/ostream:38,
                 from /usr/lib/gcc/x86_64-pc-cygwin/5.4.0/include/c++/iostream:39,
                 from ../practice.cpp:1:
/usr/lib/gcc/x86_64-pc-cygwin/5.4.0/include/c++/bits/basic_string.h:5172:5: note: candidate: template<class _CharT, class _Traits, class _Alloc> std::basic_ostream<_CharT, _Traits>& std::operator<<(std::basic_ostream<_CharT, _Traits>&, const std::basic_string<_CharT, _Traits, _Alloc>&)
     operator<<(basic_ostream<_CharT, _Traits>& __os,
     ^
/usr/lib/gcc/x86_64-pc-cygwin/5.4.0/include/c++/bits/basic_string.h:5172:5: note:   template argument deduction/substitution failed:
../practice.cpp:47:51: note:   'const employee' is not derived from 'const std::basic_string<_CharT, _Traits, _Alloc>'
  cout << "\n>>> COPY constructor called <<<\n" << e <<endl;
                                                   ^
In file included from /usr/lib/gcc/x86_64-pc-cygwin/5.4.0/include/c++/iostream:39:0,
                 from ../practice.cpp:1:
/usr/lib/gcc/x86_64-pc-cygwin/5.4.0/include/c++/ostream:497:5: note: candidate: template<class _CharT, class _Traits> std::basic_ostream<_CharT, _Traits>& std::operator<<(std::basic_ostream<_CharT, _Traits>&, _CharT)
     operator<<(basic_ostream<_CharT, _Traits>& __out, _CharT __c)
     ^
/usr/lib/gcc/x86_64-pc-cygwin/5.4.0/include/c++/ostream:497:5: note:   template argument deduction/substitution failed:
../practice.cpp:47:51: note:   deduced conflicting types for parameter '_CharT' ('char' and 'employee')
  cout << "\n>>> COPY constructor called <<<\n" << e <<endl;
                                                   ^
In file included from /usr/lib/gcc/x86_64-pc-cygwin/5.4.0/include/c++/iostream:39:0,
                 from ../practice.cpp:1:
/usr/lib/gcc/x86_64-pc-cygwin/5.4.0/include/c++/ostream:502:5: note: candidate: template<class _CharT, class _Traits> std::basic_ostream<_CharT, _Traits>& std::operator<<(std::basic_ostream<_CharT, _Traits>&, char)
     operator<<(basic_ostream<_CharT, _Traits>& __out, char __c)
     ^
/usr/lib/gcc/x86_64-pc-cygwin/5.4.0/include/c++/ostream:502:5: note:   template argument deduction/substitution failed:
../practice.cpp:47:51: note:   cannot convert 'e' (type 'const employee') to type 'char'
  cout << "\n>>> COPY constructor called <<<\n" << e <<endl;
                                                   ^
In file included from /usr/lib/gcc/x86_64-pc-cygwin/5.4.0/include/c++/iostream:39:0,
                 from ../practice.cpp:1:
/usr/lib/gcc/x86_64-pc-cygwin/5.4.0/include/c++/ostream:508:5: note: candidate: template<class _Traits> std::basic_ostream<char, _Traits>& std::operator<<(std::basic_ostream<char, _Traits>&, char)
     operator<<(basic_ostream<char, _Traits>& __out, char __c)
     ^
/usr/lib/gcc/x86_64-pc-cygwin/5.4.0/include/c++/ostream:508:5: note:   template argument deduction/substitution failed:
../practice.cpp:47:51: note:   cannot convert 'e' (type 'const employee') to type 'char'
  cout << "\n>>> COPY constructor called <<<\n" << e <<endl;
                                                   ^
In file included from /usr/lib/gcc/x86_64-pc-cygwin/5.4.0/include/c++/iostream:39:0,
                 from ../practice.cpp:1:
/usr/lib/gcc/x86_64-pc-cygwin/5.4.0/include/c++/ostream:514:5: note: candidate: template<class _Traits> std::basic_ostream<char, _Traits>& std::operator<<(std::basic_ostream<char, _Traits>&, signed char)
     operator<<(basic_ostream<char, _Traits>& __out, signed char __c)
     ^
/usr/lib/gcc/x86_64-pc-cygwin/5.4.0/include/c++/ostream:514:5: note:   template argument deduction/substitution failed:
../practice.cpp:47:51: note:   cannot convert 'e' (type 'const employee') to type 'signed char'
  cout << "\n>>> COPY constructor called <<<\n" << e <<endl;
                                                   ^
In file included from /usr/lib/gcc/x86_64-pc-cygwin/5.4.0/include/c++/iostream:39:0,
                 from ../practice.cpp:1:
/usr/lib/gcc/x86_64-pc-cygwin/5.4.0/include/c++/ostream:519:5: note: candidate: template<class _Traits> std::basic_ostream<char, _Traits>& std::operator<<(std::basic_ostream<char, _Traits>&, unsigned char)
     operator<<(basic_ostream<char, _Traits>& __out, unsigned char __c)
     ^
/usr/lib/gcc/x86_64-pc-cygwin/5.4.0/include/c++/ostream:519:5: note:   template argument deduction/substitution failed:
../practice.cpp:47:51: note:   cannot convert 'e' (type 'const employee') to type 'unsigned char'
  cout << "\n>>> COPY constructor called <<<\n" << e <<endl;
                                                   ^
In file included from /usr/lib/gcc/x86_64-pc-cygwin/5.4.0/include/c++/iostream:39:0,
                 from ../practice.cpp:1:
/usr/lib/gcc/x86_64-pc-cygwin/5.4.0/include/c++/ostream:539:5: note: candidate: template<class _CharT, class _Traits> std::basic_ostream<_CharT, _Traits>& std::operator<<(std::basic_ostream<_CharT, _Traits>&, const _CharT*)
     operator<<(basic_ostream<_CharT, _Traits>& __out, const _CharT* __s)
     ^
/usr/lib/gcc/x86_64-pc-cygwin/5.4.0/include/c++/ostream:539:5: note:   template argument deduction/substitution failed:
../practice.cpp:47:51: note:   mismatched types 'const _CharT*' and 'employee'
  cout << "\n>>> COPY constructor called <<<\n" << e <<endl;
                                                   ^
In file included from /usr/lib/gcc/x86_64-pc-cygwin/5.4.0/include/c++/ostream:638:0,
                 from /usr/lib/gcc/x86_64-pc-cygwin/5.4.0/include/c++/iostream:39,
                 from ../practice.cpp:1:
/usr/lib/gcc/x86_64-pc-cygwin/5.4.0/include/c++/bits/ostream.tcc:321:5: note: candidate: template<class _CharT, class _Traits> std::basic_ostream<_CharT, _Traits>& std::operator<<(std::basic_ostream<_CharT, _Traits>&, const char*)
     operator<<(basic_ostream<_CharT, _Traits>& __out, const char* __s)
     ^
/usr/lib/gcc/x86_64-pc-cygwin/5.4.0/include/c++/bits/ostream.tcc:321:5: note:   template argument deduction/substitution failed:
../practice.cpp:47:51: note:   cannot convert 'e' (type 'const employee') to type 'const char*'
  cout << "\n>>> COPY constructor called <<<\n" << e <<endl;
                                                   ^
In file included from /usr/lib/gcc/x86_64-pc-cygwin/5.4.0/include/c++/iostream:39:0,
                 from ../practice.cpp:1:
/usr/lib/gcc/x86_64-pc-cygwin/5.4.0/include/c++/ostream:556:5: note: candidate: template<class _Traits> std::basic_ostream<char, _Traits>& std::operator<<(std::basic_ostream<char, _Traits>&, const char*)
     operator<<(basic_ostream<char, _Traits>& __out, const char* __s)
     ^
/usr/lib/gcc/x86_64-pc-cygwin/5.4.0/include/c++/ostream:556:5: note:   template argument deduction/substitution failed:
../practice.cpp:47:51: note:   cannot convert 'e' (type 'const employee') to type 'const char*'
  cout << "\n>>> COPY constructor called <<<\n" << e <<endl;
                                                   ^
In file included from /usr/lib/gcc/x86_64-pc-cygwin/5.4.0/include/c++/iostream:39:0,
                 from ../practice.cpp:1:
/usr/lib/gcc/x86_64-pc-cygwin/5.4.0/include/c++/ostream:569:5: note: candidate: template<class _Traits> std::basic_ostream<char, _Traits>& std::operator<<(std::basic_ostream<char, _Traits>&, const signed char*)
     operator<<(basic_ostream<char, _Traits>& __out, const signed char* __s)
     ^
/usr/lib/gcc/x86_64-pc-cygwin/5.4.0/include/c++/ostream:569:5: note:   template argument deduction/substitution failed:
../practice.cpp:47:51: note:   cannot convert 'e' (type 'const employee') to type 'const signed char*'
  cout << "\n>>> COPY constructor called <<<\n" << e <<endl;
                                                   ^
In file included from /usr/lib/gcc/x86_64-pc-cygwin/5.4.0/include/c++/iostream:39:0,
                 from ../practice.cpp:1:
/usr/lib/gcc/x86_64-pc-cygwin/5.4.0/include/c++/ostream:574:5: note: candidate: template<class _Traits> std::basic_ostream<char, _Traits>& std::operator<<(std::basic_ostream<char, _Traits>&, const unsigned char*)
     operator<<(basic_ostream<char, _Traits>& __out, const unsigned char* __s)
     ^
/usr/lib/gcc/x86_64-pc-cygwin/5.4.0/include/c++/ostream:574:5: note:   template argument deduction/substitution failed:
../practice.cpp:47:51: note:   cannot convert 'e' (type 'const employee') to type 'const unsigned char*'
  cout << "\n>>> COPY constructor called <<<\n" << e <<endl;
                                                   ^
make: *** [subdir.mk:20: practice.o] Error 1

02:42:14 Build Finished (took 1s.855ms)

